<?xml version="1.0" encoding="UTF-8"?>
<robot generator="Robot 6.0.2 (Python 3.11.0 on darwin)" generated="20230425 16:10:14.072" rpa="false" schemaversion="3">
<suite id="s1" name="jobSucheTests" source="/Users/ipekeroglu/PycharmProjects/workwise/Tests/jobSucheTests.robot">
<test id="s1-t1" name="Open the Page" line="14">
<kw name="Navigate Job Suche Page" library="common">
<arg>${site_url}</arg>
<arg>${browser}</arg>
<kw name="Open Browser" library="SeleniumLibrary">
<arg>${site_url}</arg>
<arg>${browser}</arg>
<doc>Opens a new browser instance to the optional ``url``.</doc>
<msg timestamp="20230425 16:10:14.160" level="INFO">Opening browser 'Chrome' to base url 'https://www.workwise.io/jobsuche'.</msg>
<msg timestamp="20230425 16:10:14.160" level="INFO">Executing: /Users/ipekeroglu/PycharmProjects/workwise/venv/lib/python3.11/site-packages/selenium/webdriver/common/macos/selenium-manager --browser chrome --output json</msg>
<status status="PASS" starttime="20230425 16:10:14.160" endtime="20230425 16:10:27.143"/>
</kw>
<kw name="Wait Until Element Is Visible" library="SeleniumLibrary">
<arg>${acceptCookies_button}</arg>
<arg>timeout=10</arg>
<doc>Waits until the element ``locator`` is visible.</doc>
<status status="PASS" starttime="20230425 16:10:27.143" endtime="20230425 16:10:29.966"/>
</kw>
<status status="PASS" starttime="20230425 16:10:14.160" endtime="20230425 16:10:29.966"/>
</kw>
<kw name="Accept Cookies" library="cookiesPage">
<kw name="Click Element" library="SeleniumLibrary">
<arg>${acceptCookies_button}</arg>
<doc>Click the element identified by ``locator``.</doc>
<msg timestamp="20230425 16:10:29.967" level="INFO">Clicking element 'xpath://span[@class='sc-2c82bd37-0 jxJAYJ'][contains(text(),'Alle akzeptieren')]'.</msg>
<status status="PASS" starttime="20230425 16:10:29.967" endtime="20230425 16:10:32.028"/>
</kw>
<status status="PASS" starttime="20230425 16:10:29.966" endtime="20230425 16:10:32.028"/>
</kw>
<kw name="Select “Aushilfe” in “Anstellungsart”-Filter" library="jobSuchePage">
<kw name="Click Element" library="SeleniumLibrary">
<arg>${aushilfe_checkbox}</arg>
<doc>Click the element identified by ``locator``.</doc>
<msg timestamp="20230425 16:10:32.028" level="INFO">Clicking element 'xpath://button[@class='sc-7e0b2387-2 eawuQn']/div[contains(text(),'Anstellungsart')]'.</msg>
<status status="PASS" starttime="20230425 16:10:32.028" endtime="20230425 16:10:33.015"/>
</kw>
<status status="PASS" starttime="20230425 16:10:32.028" endtime="20230425 16:10:33.015"/>
</kw>
<status status="PASS" starttime="20230425 16:10:14.159" endtime="20230425 16:10:33.016"/>
</test>
<status status="PASS" starttime="20230425 16:10:14.073" endtime="20230425 16:10:33.016"/>
</suite>
<statistics>
<total>
<stat pass="1" fail="0" skip="0">All Tests</stat>
</total>
<tag>
</tag>
<suite>
<stat pass="1" fail="0" skip="0" id="s1" name="jobSucheTests">jobSucheTests</stat>
</suite>
</statistics>
<errors>
</errors>
</robot>
